app/build/intermediates/manifest_merge_blame_file/debug/manifest-merger-blame-debug-report.txt
1<?xml version="1.0" encoding="utf-8"?>
2<manifest xmlns:android="http://schemas.android.com/apk/res/android"
3    package="ru.zourabkatirina.appliances"
4    android:versionCode="1"
5    android:versionName="1.0" >
6
7    <uses-sdk
8        android:minSdkVersion="16"
8-->src\main\AndroidManifest.xml
9        android:targetSdkVersion="31" />
9-->src\main\AndroidManifest.xml
10
11    <application
11-->src\main\AndroidManifest.xml:5:5-26:19
12        android:allowBackup="true"
12-->src\main\AndroidManifest.xml:6:9-35
13        android:appComponentFactory="androidx.core.app.CoreComponentFactory"
13-->[androidx.core:core:1.7.0] AndroidManifest.xml:24:18-86
14        android:debuggable="true"
15        android:icon="@mipmap/logo"
15-->src\main\AndroidManifest.xml:7:9-36
16        android:label="@string/app_name"
16-->src\main\AndroidManifest.xml:8:9-41
17        android:supportsRtl="true"
17-->src\main\AndroidManifest.xml:9:9-35
18        android:testOnly="true"
19        android:theme="@style/Theme.Appliances" >
19-->src\main\AndroidManifest.xml:10:9-48
20        <activity
20-->src\main\AndroidManifest.xml:11:9-14:15
21            android:name="ru.zourabkatirina.appliances.AddAppliancesActivity"
21-->src\main\AndroidManifest.xml:12:13-50
22            android:label="Додати товар" />
22-->src\main\AndroidManifest.xml:13:13-41
23        <activity
23-->src\main\AndroidManifest.xml:15:9-18:15
24            android:name="ru.zourabkatirina.appliances.AppliancesActivity"
24-->src\main\AndroidManifest.xml:16:13-47
25            android:label="Всі товари побутової техніки" />
25-->src\main\AndroidManifest.xml:17:13-57
26        <activity android:name="ru.zourabkatirina.appliances.MainActivity" >
26-->src\main\AndroidManifest.xml:19:9-25:20
26-->src\main\AndroidManifest.xml:19:19-47
27            <intent-filter>
27-->src\main\AndroidManifest.xml:20:13-24:29
28                <action android:name="android.intent.action.MAIN" />
28-->src\main\AndroidManifest.xml:21:17-69
28-->src\main\AndroidManifest.xml:21:25-66
29
30                <category android:name="android.intent.category.LAUNCHER" />
30-->src\main\AndroidManifest.xml:23:17-77
30-->src\main\AndroidManifest.xml:23:27-74
31            </intent-filter>
32        </activity>
33
34        <provider
34-->[androidx.emoji2:emoji2:1.0.0] AndroidManifest.xml:26:9-34:20
35            android:name="androidx.startup.InitializationProvider"
35-->[androidx.emoji2:emoji2:1.0.0] AndroidManifest.xml:27:13-67
36            android:authorities="ru.zourabkatirina.appliances.androidx-startup"
36-->[androidx.emoji2:emoji2:1.0.0] AndroidManifest.xml:28:13-68
37            android:exported="false" >
37-->[androidx.emoji2:emoji2:1.0.0] AndroidManifest.xml:29:13-37
38            <meta-data
38-->[androidx.emoji2:emoji2:1.0.0] AndroidManifest.xml:31:13-33:52
39                android:name="androidx.emoji2.text.EmojiCompatInitializer"
39-->[androidx.emoji2:emoji2:1.0.0] AndroidManifest.xml:32:17-75
40                android:value="androidx.startup" />
40-->[androidx.emoji2:emoji2:1.0.0] AndroidManifest.xml:33:17-49
41            <meta-data
41-->[androidx.lifecycle:lifecycle-process:2.4.0] AndroidManifest.xml:31:13-33:52
42                android:name="androidx.lifecycle.ProcessLifecycleInitializer"
42-->[androidx.lifecycle:lifecycle-process:2.4.0] AndroidManifest.xml:32:17-78
43                android:value="androidx.startup" />
43-->[androidx.lifecycle:lifecycle-process:2.4.0] AndroidManifest.xml:33:17-49
44        </provider>
45    </application>
46
47</manifest>